0 info it worked if it ends with ok
1 verbose cli [ '/Users/matthews/.nvm/versions/node/v7.4.0/bin/node',
1 verbose cli   '/Users/matthews/.nvm/versions/node/v7.4.0/bin/npm',
1 verbose cli   'run',
1 verbose cli   'start-webpack-dev' ]
2 info using npm@4.0.5
3 info using node@v7.4.0
4 verbose run-script [ 'prestart-webpack-dev',
4 verbose run-script   'start-webpack-dev',
4 verbose run-script   'poststart-webpack-dev' ]
5 info lifecycle kivaloans@1.0.0~prestart-webpack-dev: kivaloans@1.0.0
6 silly lifecycle kivaloans@1.0.0~prestart-webpack-dev: no script for prestart-webpack-dev, continuing
7 info lifecycle kivaloans@1.0.0~start-webpack-dev: kivaloans@1.0.0
8 verbose lifecycle kivaloans@1.0.0~start-webpack-dev: unsafe-perm in lifecycle true
9 verbose lifecycle kivaloans@1.0.0~start-webpack-dev: PATH: /Users/matthews/.nvm/versions/node/v7.4.0/lib/node_modules/npm/bin/node-gyp-bin:/Users/matthews/Documents/projects/kivaloans/node_modules/.bin:/Users/matthews/.nvm/versions/node/v7.4.0/bin:/usr/local/bin:/usr/bin:/bin:/usr/sbin:/sbin:/usr/local/munki
10 verbose lifecycle kivaloans@1.0.0~start-webpack-dev: CWD: /Users/matthews/Documents/projects/kivaloans
11 silly lifecycle kivaloans@1.0.0~start-webpack-dev: Args: [ '-c', 'webpack --progress --watch' ]
12 silly lifecycle kivaloans@1.0.0~start-webpack-dev: Returned: code: 1  signal: null
13 info lifecycle kivaloans@1.0.0~start-webpack-dev: Failed to exec start-webpack-dev script
14 verbose stack Error: kivaloans@1.0.0 start-webpack-dev: `webpack --progress --watch`
14 verbose stack Exit status 1
14 verbose stack     at EventEmitter.<anonymous> (/Users/matthews/.nvm/versions/node/v7.4.0/lib/node_modules/npm/lib/utils/lifecycle.js:279:16)
14 verbose stack     at emitTwo (events.js:106:13)
14 verbose stack     at EventEmitter.emit (events.js:191:7)
14 verbose stack     at ChildProcess.<anonymous> (/Users/matthews/.nvm/versions/node/v7.4.0/lib/node_modules/npm/lib/utils/spawn.js:40:14)
14 verbose stack     at emitTwo (events.js:106:13)
14 verbose stack     at ChildProcess.emit (events.js:191:7)
14 verbose stack     at maybeClose (internal/child_process.js:885:16)
14 verbose stack     at Process.ChildProcess._handle.onexit (internal/child_process.js:226:5)
15 verbose pkgid kivaloans@1.0.0
16 verbose cwd /Users/matthews/Documents/projects/kivaloans
17 error Darwin 16.5.0
18 error argv "/Users/matthews/.nvm/versions/node/v7.4.0/bin/node" "/Users/matthews/.nvm/versions/node/v7.4.0/bin/npm" "run" "start-webpack-dev"
19 error node v7.4.0
20 error npm  v4.0.5
21 error code ELIFECYCLE
22 error kivaloans@1.0.0 start-webpack-dev: `webpack --progress --watch`
22 error Exit status 1
23 error Failed at the kivaloans@1.0.0 start-webpack-dev script 'webpack --progress --watch'.
23 error Make sure you have the latest version of node.js and npm installed.
23 error If you do, this is most likely a problem with the kivaloans package,
23 error not with npm itself.
23 error Tell the author that this fails on your system:
23 error     webpack --progress --watch
23 error You can get information on how to open an issue for this project with:
23 error     npm bugs kivaloans
23 error Or if that isn't available, you can get their info via:
23 error     npm owner ls kivaloans
23 error There is likely additional logging output above.
24 verbose exit [ 1, true ]
